[2025-04-03T13:17:50.663+0000] {local_task_job_runner.py:123} INFO - ::group::Pre task execution logs
[2025-04-03T13:17:50.674+0000] {taskinstance.py:2614} INFO - Dependencies all met for dep_context=non-requeueable deps ti=<TaskInstance: stock_price_prediction.setup_database manual__2025-04-03T13:17:47.064465+00:00 [queued]>
[2025-04-03T13:17:50.820+0000] {taskinstance.py:2614} INFO - Dependencies all met for dep_context=requeueable deps ti=<TaskInstance: stock_price_prediction.setup_database manual__2025-04-03T13:17:47.064465+00:00 [queued]>
[2025-04-03T13:17:50.821+0000] {taskinstance.py:2867} INFO - Starting attempt 1 of 1
[2025-04-03T13:17:50.830+0000] {taskinstance.py:2890} INFO - Executing <Task(_PythonDecoratedOperator): setup_database> on 2025-04-03 13:17:47.064465+00:00
[2025-04-03T13:17:50.839+0000] {warnings.py:112} WARNING - /home/***/.local/lib/python3.12/site-packages/***/task/task_runner/standard_task_runner.py:70: DeprecationWarning: This process (pid=85) is multi-threaded, use of fork() may lead to deadlocks in the child.
  pid = os.fork()

[2025-04-03T13:17:50.840+0000] {standard_task_runner.py:72} INFO - Started process 86 to run task
[2025-04-03T13:17:50.841+0000] {standard_task_runner.py:104} INFO - Running: ['***', 'tasks', 'run', 'stock_price_prediction', 'setup_database', 'manual__2025-04-03T13:17:47.064465+00:00', '--job-id', '54', '--raw', '--subdir', 'DAGS_FOLDER/project_DAG.py', '--cfg-path', '/tmp/tmpgurk231l']
[2025-04-03T13:17:50.842+0000] {standard_task_runner.py:105} INFO - Job 54: Subtask setup_database
[2025-04-03T13:17:50.878+0000] {task_command.py:467} INFO - Running <TaskInstance: stock_price_prediction.setup_database manual__2025-04-03T13:17:47.064465+00:00 [running]> on host c65fbf6e31b9
[2025-04-03T13:17:50.930+0000] {taskinstance.py:3134} INFO - Exporting env vars: AIRFLOW_CTX_DAG_OWNER='***' AIRFLOW_CTX_DAG_ID='stock_price_prediction' AIRFLOW_CTX_TASK_ID='setup_database' AIRFLOW_CTX_EXECUTION_DATE='2025-04-03T13:17:47.064465+00:00' AIRFLOW_CTX_TRY_NUMBER='1' AIRFLOW_CTX_DAG_RUN_ID='manual__2025-04-03T13:17:47.064465+00:00'
[2025-04-03T13:17:50.935+0000] {logging_mixin.py:190} INFO - Task instance is in running state
[2025-04-03T13:17:50.935+0000] {logging_mixin.py:190} INFO -  Previous state of the Task instance: queued
[2025-04-03T13:17:50.935+0000] {logging_mixin.py:190} INFO - Current task name:setup_database state:running start_date:2025-04-03 13:17:50.674954+00:00
[2025-04-03T13:17:50.935+0000] {logging_mixin.py:190} INFO - Dag name:stock_price_prediction and current dag run status:running
[2025-04-03T13:17:50.935+0000] {taskinstance.py:732} INFO - ::endgroup::
[2025-04-03T13:17:50.945+0000] {base.py:84} INFO - Retrieving connection 'is3107_db'
[2025-04-03T13:17:50.949+0000] {python.py:240} INFO - Done. Returned value was: Database initialized successfully
[2025-04-03T13:17:50.963+0000] {taskinstance.py:341} INFO - ::group::Post task execution logs
[2025-04-03T13:17:50.963+0000] {taskinstance.py:353} INFO - Marking task as SUCCESS. dag_id=stock_price_prediction, task_id=setup_database, run_id=manual__2025-04-03T13:17:47.064465+00:00, execution_date=20250403T131747, start_date=20250403T131750, end_date=20250403T131750
[2025-04-03T13:17:50.974+0000] {logging_mixin.py:190} INFO - Task instance in success state
[2025-04-03T13:17:50.974+0000] {logging_mixin.py:190} INFO -  Previous state of the Task instance: running
[2025-04-03T13:17:50.974+0000] {logging_mixin.py:190} INFO - Dag name:stock_price_prediction queued_at:2025-04-03 13:17:47.078291+00:00
[2025-04-03T13:17:50.974+0000] {logging_mixin.py:190} INFO - Task hostname:c65fbf6e31b9 operator:_PythonDecoratedOperator
[2025-04-03T13:17:50.981+0000] {local_task_job_runner.py:266} INFO - Task exited with return code 0
[2025-04-03T13:17:50.991+0000] {taskinstance.py:3901} INFO - 0 downstream tasks scheduled from follow-on schedule check
[2025-04-03T13:17:50.992+0000] {local_task_job_runner.py:245} INFO - ::endgroup::
